# JRE version: OpenJDK Runtime Environment Corretto-11.0.8.10.1 (11.0.8+10) (build 11.0.8+10-LTS)
# Java VM: OpenJDK 64-Bit Server VM Corretto-11.0.8.10.1 (11.0.8+10-LTS, mixed mode, tiered, compressed oops, g1 gc, windows-amd64)
Heap:
 garbage-first heap   total 157696K, used 22593K [0x0000000080c00000, 0x0000000100000000)
  region size 1024K, 5 young (5120K), 3 survivors (3072K)
 Metaspace       used 59084K, capacity 60328K, committed 60496K, reserved 1101824K
  class space    used 7396K, capacity 7887K, committed 7936K, reserved 1048576K
GC Heap History (16 events):
Event: 0.494 GC heap before
{Heap before GC invocations=0 (full 0):
 garbage-first heap   total 131072K, used 14336K [0x0000000080c00000, 0x0000000100000000)
  region size 1024K, 14 young (14336K), 0 survivors (0K)
 Metaspace       used 9160K, capacity 9296K, committed 9344K, reserved 1058816K
  class space    used 829K, capacity 868K, committed 896K, reserved 1048576K
}
Event: 0.499 GC heap after
{Heap after GC invocations=1 (full 0):
 garbage-first heap   total 131072K, used 5754K [0x0000000080c00000, 0x0000000100000000)
  region size 1024K, 2 young (2048K), 2 survivors (2048K)
 Metaspace       used 9160K, capacity 9296K, committed 9344K, reserved 1058816K
  class space    used 829K, capacity 868K, committed 896K, reserved 1048576K
}
Event: 0.765 GC heap before
{Heap before GC invocations=1 (full 0):
 garbage-first heap   total 131072K, used 51834K [0x0000000080c00000, 0x0000000100000000)
  region size 1024K, 48 young (49152K), 2 survivors (2048K)
 Metaspace       used 11291K, capacity 11463K, committed 11648K, reserved 1060864K
  class space    used 1088K, capacity 1146K, committed 1152K, reserved 1048576K
}
Event: 0.768 GC heap after
{Heap after GC invocations=2 (full 0):
 garbage-first heap   total 131072K, used 6192K [0x0000000080c00000, 0x0000000100000000)
  region size 1024K, 3 young (3072K), 3 survivors (3072K)
 Metaspace       used 11291K, capacity 11463K, committed 11648K, reserved 1060864K
  class space    used 1088K, capacity 1146K, committed 1152K, reserved 1048576K
}
Event: 1.396 GC heap before
{Heap before GC invocations=2 (full 0):
 garbage-first heap   total 131072K, used 51248K [0x0000000080c00000, 0x0000000100000000)
  region size 1024K, 48 young (49152K), 3 survivors (3072K)
 Metaspace       used 20716K, capacity 21164K, committed 21296K, reserved 1069056K
  class space    used 2228K, capacity 2395K, committed 2432K, reserved 1048576K
}
Event: 1.401 GC heap after
{Heap after GC invocations=3 (full 0):
 garbage-first heap   total 131072K, used 8216K [0x0000000080c00000, 0x0000000100000000)
  region size 1024K, 5 young (5120K), 5 survivors (5120K)
 Metaspace       used 20716K, capacity 21164K, committed 21296K, reserved 1069056K
  class space    used 2228K, capacity 2395K, committed 2432K, reserved 1048576K
}
Event: 1.693 GC heap before
{Heap before GC invocations=4 (full 0):
 garbage-first heap   total 131072K, used 63512K [0x0000000080c00000, 0x0000000100000000)
  region size 1024K, 60 young (61440K), 5 survivors (5120K)
 Metaspace       used 23710K, capacity 24260K, committed 24368K, reserved 1071104K
  class space    used 2640K, capacity 2857K, committed 2944K, reserved 1048576K
}
Event: 1.697 GC heap after
{Heap after GC invocations=5 (full 0):
 garbage-first heap   total 131072K, used 8911K [0x0000000080c00000, 0x0000000100000000)
  region size 1024K, 4 young (4096K), 4 survivors (4096K)
 Metaspace       used 23710K, capacity 24260K, committed 24368K, reserved 1071104K
  class space    used 2640K, capacity 2857K, committed 2944K, reserved 1048576K
}
Event: 3.093 GC heap before
{Heap before GC invocations=5 (full 0):
 garbage-first heap   total 131072K, used 81615K [0x0000000080c00000, 0x0000000100000000)
  region size 1024K, 75 young (76800K), 4 survivors (4096K)
 Metaspace       used 31432K, capacity 32238K, committed 32304K, reserved 1077248K
  class space    used 3635K, capacity 3956K, committed 3968K, reserved 1048576K
}
Event: 3.104 GC heap after
{Heap after GC invocations=6 (full 0):
 garbage-first heap   total 157696K, used 12430K [0x0000000080c00000, 0x0000000100000000)
  region size 1024K, 7 young (7168K), 7 survivors (7168K)
 Metaspace       used 31432K, capacity 32238K, committed 32304K, reserved 1077248K
  class space    used 3635K, capacity 3956K, committed 3968K, reserved 1048576K
}
Event: 3.347 GC heap before
{Heap before GC invocations=6 (full 0):
 garbage-first heap   total 157696K, used 98446K [0x0000000080c00000, 0x0000000100000000)
  region size 1024K, 92 young (94208K), 7 survivors (7168K)
 Metaspace       used 33527K, capacity 34398K, committed 34736K, reserved 1079296K
  class space    used 3838K, capacity 4226K, committed 4352K, reserved 1048576K
}
Event: 3.352 GC heap after
{Heap after GC invocations=7 (full 0):
 garbage-first heap   total 157696K, used 13748K [0x0000000080c00000, 0x0000000100000000)
  region size 1024K, 8 young (8192K), 8 survivors (8192K)
 Metaspace       used 33527K, capacity 34398K, committed 34736K, reserved 1079296K
  class space    used 3838K, capacity 4226K, committed 4352K, reserved 1048576K
}
Event: 4.088 GC heap before
{Heap before GC invocations=7 (full 0):
 garbage-first heap   total 157696K, used 32180K [0x0000000080c00000, 0x0000000100000000)
  region size 1024K, 27 young (27648K), 8 survivors (8192K)
 Metaspace       used 34830K, capacity 35771K, committed 35888K, reserved 1081344K
  class space    used 4005K, capacity 4387K, committed 4480K, reserved 1048576K
}
Event: 4.097 GC heap after
{Heap after GC invocations=8 (full 0):
 garbage-first heap   total 157696K, used 14190K [0x0000000080c00000, 0x0000000100000000)
  region size 1024K, 7 young (7168K), 7 survivors (7168K)
 Metaspace       used 34830K, capacity 35771K, committed 35888K, reserved 1081344K
  class space    used 4005K, capacity 4387K, committed 4480K, reserved 1048576K
}
Event: 5.312 GC heap before
{Heap before GC invocations=9 (full 0):
 garbage-first heap   total 157696K, used 100206K [0x0000000080c00000, 0x0000000100000000)
  region size 1024K, 92 young (94208K), 7 survivors (7168K)
 Metaspace       used 49749K, capacity 50933K, committed 51120K, reserved 1093632K
  class space    used 6104K, capacity 6570K, committed 6656K, reserved 1048576K
}
Event: 5.321 GC heap after
{Heap after GC invocations=10 (full 0):
 garbage-first heap   total 157696K, used 20000K [0x0000000080c00000, 0x0000000100000000)
  region size 1024K, 12 young (12288K), 12 survivors (12288K)
 Metaspace       used 49749K, capacity 50933K, committed 51120K, reserved 1093632K
  class space    used 6104K, capacity 6570K, committed 6656K, reserved 1048576K
}

